{"name": "test_archived_articles", "status": "broken", "statusDetails": {"message": "selenium.common.exceptions.TimeoutException: Message:", "trace": "self = <test_qaboy.TestQABoy testMethod=test_archived_articles>\n\n    @allure.testcase(\"Test6\")\n    def test_archived_articles(self):\n>       sidebar = SideBar(self.driver)\n\ntestcases\\test_qaboy.py:82: \n_ _ _ _ _ _ _ _ _ _ _ _ _ _ _ _ _ _ _ _ _ _ _ _ _ _ _ _ _ _ _ _ _ _ _ _ _ _ _ _ _ _ _ _ _ _ _ _ _ _ _ _ _ _ _ _ _ _ _ _ _ _ _ _ _ _ _ _ _ _ _ _ _ _ _ _ _ _ _ _ _ _ _ _ _ _ _ _ _ _ _ _ _ _ _ _ _ _ _ _ _ _ _ _ _ _ _ _ _ _ _ _ _ _ _ _ _ _ _ _ _ _ _ _ _ _ _ _ _ _ \npageobjects\\sidebar.py:21: in __init__\n    By.XPATH, \"//section[@id='archives-2']//li[1]/a\")))\n_ _ _ _ _ _ _ _ _ _ _ _ _ _ _ _ _ _ _ _ _ _ _ _ _ _ _ _ _ _ _ _ _ _ _ _ _ _ _ _ _ _ _ _ _ _ _ _ _ _ _ _ _ _ _ _ _ _ _ _ _ _ _ _ _ _ _ _ _ _ _ _ _ _ _ _ _ _ _ _ _ _ _ _ _ _ _ _ _ _ _ _ _ _ _ _ _ _ _ _ _ _ _ _ _ _ _ _ _ _ _ _ _ _ _ _ _ _ _ _ _ _ _ _ _ _ _ _ _ _ \n\nself = <selenium.webdriver.support.wait.WebDriverWait (session=\"348e358624b6bf2373d81e41e832c869\")>, method = <selenium.webdriver.support.expected_conditions.visibility_of_element_located object at 0x048A9F10>, message = ''\n\n    def until(self, method, message=''):\n        \"\"\"Calls the method provided with the driver as an argument until the \\\n        return value is not False.\"\"\"\n        screen = None\n        stacktrace = None\n    \n        end_time = time.time() + self._timeout\n        while True:\n            try:\n                value = method(self._driver)\n                if value:\n                    return value\n            except self._ignored_exceptions as exc:\n                screen = getattr(exc, 'screen', None)\n                stacktrace = getattr(exc, 'stacktrace', None)\n            time.sleep(self._poll)\n            if time.time() > end_time:\n                break\n>       raise TimeoutException(message, screen, stacktrace)\nE       selenium.common.exceptions.TimeoutException: Message:\n\nC:\\Users\\oshchegula\\AppData\\Local\\Programs\\Python\\Python36-32\\lib\\site-packages\\selenium\\webdriver\\support\\wait.py:80: TimeoutException"}, "attachments": [{"name": "log", "source": "a137f1d8-f9f8-4668-aada-87410c55771d-attachment.txt", "type": "text/plain"}, {"name": "stdout", "source": "6952b2e1-4b51-41d5-9a07-a02a050dadcc-attachment.txt", "type": "text/plain"}, {"name": "stderr", "source": "5b4da47f-626c-4a49-832e-6f94150b86ab-attachment.txt", "type": "text/plain"}], "start": 1548944121292, "stop": 1548944142980, "uuid": "4f264fd3-07d5-4a33-85b4-86d4e8997539", "historyId": "bb1480f9836fefeac53993b4b731e43a", "fullName": "testcases.test_qaboy.TestQABoy#test_archived_articles", "labels": [{"name": "parentSuite", "value": "testcases"}, {"name": "suite", "value": "test_qaboy"}, {"name": "subSuite", "value": "TestQABoy"}, {"name": "host", "value": "oshchegula"}, {"name": "thread", "value": "4872-MainThread"}, {"name": "framework", "value": "pytest"}, {"name": "language", "value": "cpython3"}, {"name": "package", "value": "testcases.test_qaboy"}], "links": [{"type": "test_case", "url": "Test6"}]}