{"name": "test_check_user_comment", "status": "broken", "statusDetails": {"message": "selenium.common.exceptions.TimeoutException: Message:", "trace": "self = <test_qaboy.TestQABoy testMethod=test_check_user_comment>\n\n    @allure.testcase(\"Test5\")\n    def test_check_user_comment(self):\n>       sidebar = SideBar(self.driver)\n\ntestcases\\test_qaboy.py:74: \n_ _ _ _ _ _ _ _ _ _ _ _ _ _ _ _ _ _ _ _ _ _ _ _ _ _ _ _ _ _ _ _ _ _ _ _ _ _ _ _ _ _ _ _ _ _ _ _ _ _ _ _ _ _ _ _ _ _ _ _ _ _ _ _ _ _ _ _ _ _ _ _ _ _ _ _ _ _ _ _ _ _ _ _ _ _ _ _ _ _ _ _ _ _ _ _ _ _ _ _ _ _ _ _ _ _ _ _ _ _ _ _ _ _ _ _ _ _ _ _ _ _ _ _ _ _ _ _ _ _ \npageobjects\\sidebar.py:21: in __init__\n    By.XPATH, \"//section[@id='archives-2']//li[1]/a\")))\n_ _ _ _ _ _ _ _ _ _ _ _ _ _ _ _ _ _ _ _ _ _ _ _ _ _ _ _ _ _ _ _ _ _ _ _ _ _ _ _ _ _ _ _ _ _ _ _ _ _ _ _ _ _ _ _ _ _ _ _ _ _ _ _ _ _ _ _ _ _ _ _ _ _ _ _ _ _ _ _ _ _ _ _ _ _ _ _ _ _ _ _ _ _ _ _ _ _ _ _ _ _ _ _ _ _ _ _ _ _ _ _ _ _ _ _ _ _ _ _ _ _ _ _ _ _ _ _ _ _ \n\nself = <selenium.webdriver.support.wait.WebDriverWait (session=\"11ad8630d7897a4c49ebd9ad35c27aa7\")>, method = <selenium.webdriver.support.expected_conditions.visibility_of_element_located object at 0x04BB4AF0>, message = ''\n\n    def until(self, method, message=''):\n        \"\"\"Calls the method provided with the driver as an argument until the \\\n        return value is not False.\"\"\"\n        screen = None\n        stacktrace = None\n    \n        end_time = time.time() + self._timeout\n        while True:\n            try:\n                value = method(self._driver)\n                if value:\n                    return value\n            except self._ignored_exceptions as exc:\n                screen = getattr(exc, 'screen', None)\n                stacktrace = getattr(exc, 'stacktrace', None)\n            time.sleep(self._poll)\n            if time.time() > end_time:\n                break\n>       raise TimeoutException(message, screen, stacktrace)\nE       selenium.common.exceptions.TimeoutException: Message:\n\nC:\\Users\\oshchegula\\AppData\\Local\\Programs\\Python\\Python36-32\\lib\\site-packages\\selenium\\webdriver\\support\\wait.py:80: TimeoutException"}, "attachments": [{"name": "log", "source": "4c3af54d-eb87-4182-9f39-5ef2302aa5ef-attachment.txt", "type": "text/plain"}, {"name": "stdout", "source": "bfe3eb47-2220-4c49-90ae-4ec23a5d1306-attachment.txt", "type": "text/plain"}, {"name": "stderr", "source": "bb45fe91-2d6d-46c6-a31f-c93e5970e1b7-attachment.txt", "type": "text/plain"}], "start": 1548944163721, "stop": 1548944184854, "uuid": "c73486f4-9b13-41ec-a778-05ad439a5fc3", "historyId": "cfd534aa973d1846c0d170260c0a8563", "fullName": "testcases.test_qaboy.TestQABoy#test_check_user_comment", "labels": [{"name": "parentSuite", "value": "testcases"}, {"name": "suite", "value": "test_qaboy"}, {"name": "subSuite", "value": "TestQABoy"}, {"name": "host", "value": "oshchegula"}, {"name": "thread", "value": "4872-MainThread"}, {"name": "framework", "value": "pytest"}, {"name": "language", "value": "cpython3"}, {"name": "package", "value": "testcases.test_qaboy"}], "links": [{"type": "test_case", "url": "Test5"}]}