{"name": "test_article_categories", "status": "broken", "statusDetails": {"message": "selenium.common.exceptions.TimeoutException: Message:", "trace": "self = <test_qaboy.TestQABoy testMethod=test_article_categories>\n\n    @allure.testcase(\"Test7\")\n    def test_article_categories(self):\n>       sidebar = SideBar(self.driver)\n\ntestcases\\test_qaboy.py:87: \n_ _ _ _ _ _ _ _ _ _ _ _ _ _ _ _ _ _ _ _ _ _ _ _ _ _ _ _ _ _ _ _ _ _ _ _ _ _ _ _ _ _ _ _ _ _ _ _ _ _ _ _ _ _ _ _ _ _ _ _ _ _ _ _ _ _ _ _ _ _ _ _ _ _ _ _ _ _ _ _ _ _ _ _ _ _ _ _ _ _ _ _ _ _ _ _ _ _ _ _ _ _ _ _ _ _ _ _ _ _ _ _ _ _ _ _ _ _ _ _ _ _ _ _ _ _ _ _ _ _ \npageobjects\\sidebar.py:21: in __init__\n    By.XPATH, \"//section[@id='archives-2']//li[1]/a\")))\n_ _ _ _ _ _ _ _ _ _ _ _ _ _ _ _ _ _ _ _ _ _ _ _ _ _ _ _ _ _ _ _ _ _ _ _ _ _ _ _ _ _ _ _ _ _ _ _ _ _ _ _ _ _ _ _ _ _ _ _ _ _ _ _ _ _ _ _ _ _ _ _ _ _ _ _ _ _ _ _ _ _ _ _ _ _ _ _ _ _ _ _ _ _ _ _ _ _ _ _ _ _ _ _ _ _ _ _ _ _ _ _ _ _ _ _ _ _ _ _ _ _ _ _ _ _ _ _ _ _ \n\nself = <selenium.webdriver.support.wait.WebDriverWait (session=\"5da394ad2aa8b1b1803399c8115828eb\")>, method = <selenium.webdriver.support.expected_conditions.visibility_of_element_located object at 0x04BA0450>, message = ''\n\n    def until(self, method, message=''):\n        \"\"\"Calls the method provided with the driver as an argument until the \\\n        return value is not False.\"\"\"\n        screen = None\n        stacktrace = None\n    \n        end_time = time.time() + self._timeout\n        while True:\n            try:\n                value = method(self._driver)\n                if value:\n                    return value\n            except self._ignored_exceptions as exc:\n                screen = getattr(exc, 'screen', None)\n                stacktrace = getattr(exc, 'stacktrace', None)\n            time.sleep(self._poll)\n            if time.time() > end_time:\n                break\n>       raise TimeoutException(message, screen, stacktrace)\nE       selenium.common.exceptions.TimeoutException: Message:\n\nC:\\Users\\oshchegula\\AppData\\Local\\Programs\\Python\\Python36-32\\lib\\site-packages\\selenium\\webdriver\\support\\wait.py:80: TimeoutException"}, "attachments": [{"name": "log", "source": "d1de86b8-a992-4c5e-9eef-bde3d357e41c-attachment.txt", "type": "text/plain"}, {"name": "stdout", "source": "196c45d6-9e20-445f-9f61-86c41fb2eb26-attachment.txt", "type": "text/plain"}, {"name": "stderr", "source": "a82ecbdf-844d-4e55-8664-469aa82ad219-attachment.txt", "type": "text/plain"}], "start": 1548944143098, "stop": 1548944163664, "uuid": "4b84b6d2-0a38-499c-846f-60382a55f26e", "historyId": "f727c2d08894a267b02e4266166f44aa", "fullName": "testcases.test_qaboy.TestQABoy#test_article_categories", "labels": [{"name": "parentSuite", "value": "testcases"}, {"name": "suite", "value": "test_qaboy"}, {"name": "subSuite", "value": "TestQABoy"}, {"name": "host", "value": "oshchegula"}, {"name": "thread", "value": "4872-MainThread"}, {"name": "framework", "value": "pytest"}, {"name": "language", "value": "cpython3"}, {"name": "package", "value": "testcases.test_qaboy"}], "links": [{"type": "test_case", "url": "Test7"}]}