{"name": "test_check_user_comment", "status": "broken", "statusDetails": {"message": "selenium.common.exceptions.TimeoutException: Message:", "trace": "self = <test_qaboy.TestQABoy testMethod=test_check_user_comment>\n\n    @allure.testcase(\"Test5\")\n    def test_check_user_comment(self):\n>       sidebar = SideBar(self.driver)\n\ntestcases\\test_qaboy.py:74: \n_ _ _ _ _ _ _ _ _ _ _ _ _ _ _ _ _ _ _ _ _ _ _ _ _ _ _ _ _ _ _ _ _ _ _ _ _ _ _ _ _ _ _ _ _ _ _ _ _ _ _ _ _ _ _ _ _ _ _ _ _ _ _ _ _ _ _ _ _ _ _ _ _ _ _ _ _ _ _ _ _ _ _ _ _ _ _ _ _ _ _ _ _ _ _ _ _ _ _ _ _ _ _ _ _ _ _ _ _ _ _ _ _ _ _ _ _ _ _ _ _ _ _ _ _ _ _ _ _ _ \npageobjects\\sidebar.py:21: in __init__\n    By.XPATH, \"//section[@id='archives-2']//li[1]/a\")))\n_ _ _ _ _ _ _ _ _ _ _ _ _ _ _ _ _ _ _ _ _ _ _ _ _ _ _ _ _ _ _ _ _ _ _ _ _ _ _ _ _ _ _ _ _ _ _ _ _ _ _ _ _ _ _ _ _ _ _ _ _ _ _ _ _ _ _ _ _ _ _ _ _ _ _ _ _ _ _ _ _ _ _ _ _ _ _ _ _ _ _ _ _ _ _ _ _ _ _ _ _ _ _ _ _ _ _ _ _ _ _ _ _ _ _ _ _ _ _ _ _ _ _ _ _ _ _ _ _ _ \n\nself = <selenium.webdriver.support.wait.WebDriverWait (session=\"10bdd6ef9652883f83f7635ebcc29179\")>, method = <selenium.webdriver.support.expected_conditions.visibility_of_element_located object at 0x0492D6D0>, message = ''\n\n    def until(self, method, message=''):\n        \"\"\"Calls the method provided with the driver as an argument until the \\\n        return value is not False.\"\"\"\n        screen = None\n        stacktrace = None\n    \n        end_time = time.time() + self._timeout\n        while True:\n            try:\n                value = method(self._driver)\n                if value:\n                    return value\n            except self._ignored_exceptions as exc:\n                screen = getattr(exc, 'screen', None)\n                stacktrace = getattr(exc, 'stacktrace', None)\n            time.sleep(self._poll)\n            if time.time() > end_time:\n                break\n>       raise TimeoutException(message, screen, stacktrace)\nE       selenium.common.exceptions.TimeoutException: Message:\n\nC:\\Users\\oshchegula\\AppData\\Local\\Programs\\Python\\Python36-32\\lib\\site-packages\\selenium\\webdriver\\support\\wait.py:80: TimeoutException"}, "attachments": [{"name": "log", "source": "e32eb6ba-fd59-4c9a-b9a5-957da3ce86ae-attachment.txt", "type": "text/plain"}, {"name": "stdout", "source": "7579835c-3a7d-4344-a52f-1fb3e9af9c72-attachment.txt", "type": "text/plain"}, {"name": "stderr", "source": "576ff0e6-8c14-4b28-81b0-a554211040b1-attachment.txt", "type": "text/plain"}], "start": 1548944876897, "stop": 1548944897758, "uuid": "202c293f-73c6-4a42-b08b-ae9a3da09594", "historyId": "cfd534aa973d1846c0d170260c0a8563", "fullName": "testcases.test_qaboy.TestQABoy#test_check_user_comment", "labels": [{"name": "parentSuite", "value": "testcases"}, {"name": "suite", "value": "test_qaboy"}, {"name": "subSuite", "value": "TestQABoy"}, {"name": "host", "value": "oshchegula"}, {"name": "thread", "value": "7180-MainThread"}, {"name": "framework", "value": "pytest"}, {"name": "language", "value": "cpython3"}, {"name": "package", "value": "testcases.test_qaboy"}], "links": [{"type": "test_case", "url": "Test5"}]}